<?xml version="1.0" encoding="UTF-8"?>
<!-- Generated by org.testng.reporters.JUnitReportReporter -->
<testsuite hostname="DESKTOP-Q1SQR6B" failures="0" tests="1" name="testCases.TC002_LoginTest" time="1.814" errors="0" timestamp="2024-07-20T18:10:16 IST" skipped="0">
  <testcase classname="testCases.TC002_LoginTest" name="verify_login" time="1.814"/>
</testsuite> <!-- testCases.TC002_LoginTest -->
