<?xml version="1.0" encoding="UTF-8"?>
<!-- Generated by org.testng.reporters.JUnitReportReporter -->
<testsuite hostname="DESKTOP-Q1SQR6B" failures="0" tests="1" name="testCases.TC001_AccountRegistrationTest" time="2.188" errors="0" timestamp="2024-07-20T18:10:17 IST" skipped="0">
  <testcase classname="testCases.TC001_AccountRegistrationTest" name="verify_account_registration" time="2.188"/>
</testsuite> <!-- testCases.TC001_AccountRegistrationTest -->
